# Introduction
Materials for Terraform training and lab contents from SSYS.

# Lab environment
| Host | Endereço IP | Usuário/Senha | Sistema operacional |
| :---: | :---: | :---: | :---: |
| esxi.ssys.lab | 192.168.1.100 | root/Passw0rd@123 | VMware ESXi 7.0 |
| vcenter.ssys.lab | 192.168.1.10 | root/Passw0rd@123 | VMware vSphere 7.0 |
| docker.ssys.lab | 192.168.1.11 | root/linux | Ubuntu 20 LTS / Docker 20.10 |
| minikube.ssys.lab | 192.168.1.12 | root/linux | Ubuntu 20 LTS / Docker 20.10 / Kubernetes 20 |
| databases.ssys.lab | 192.168.1.13 | root/linux | Ubuntu 20 LTS / MariaDB (root/linux) / PostgreSQL (postgres/linux) |
